<?xml version="1.0" encoding="UTF-8"?>
<!-- Generated by org.testng.reporters.JUnitReportReporter -->
<testsuite hostname="immanuels-mbp.lan" failures="0" tests="1" name="com.UnitTest" time="0.023" errors="0" timestamp="2023-10-07T11:59:40 EDT" skipped="0">
  <testcase classname="com.UnitTest" name="login" time="0.023"/>
</testsuite> <!-- com.UnitTest -->
