<?xml version="1.0" encoding="UTF-8"?>
<!-- Generated by org.testng.reporters.JUnitReportReporter -->
<testsuite hostname="immanuels-mbp.lan" failures="0" tests="2" name="com.DataDrivenTest" time="0.017" errors="0" timestamp="2023-10-08T11:22:01 EDT" skipped="0">
  <testcase classname="com.DataDrivenTest" name="f" time="0.012"/>
  <testcase classname="com.DataDrivenTest" name="f" time="0.005"/>
</testsuite> <!-- com.DataDrivenTest -->
